0 info it worked if it ends with ok
1 verbose cli [ 'c:\\Program Files\\nodejs\\node.exe',
1 verbose cli   'c:\\Program Files\\nodejs\\node_modules\\npm\\bin\\npm-cli.js',
1 verbose cli   'install',
1 verbose cli   '-g',
1 verbose cli   'ionic' ]
2 info using npm@2.14.7
3 info using node@v4.2.1
4 verbose install initial load of C:\Users\User\AppData\Roaming\npm\package.json
5 verbose readDependencies loading dependencies from C:\Users\User\AppData\Roaming\npm\package.json
6 silly cache add args [ 'ionic', null ]
7 verbose cache add spec ionic
8 silly cache add parsed spec Result {
8 silly cache add   raw: 'ionic',
8 silly cache add   scope: null,
8 silly cache add   name: 'ionic',
8 silly cache add   rawSpec: '',
8 silly cache add   spec: '*',
8 silly cache add   type: 'range' }
9 silly addNamed ionic@*
10 verbose addNamed "*" is a valid semver range for ionic
11 silly addNameRange { name: 'ionic', range: '*', hasData: false }
12 silly mapToRegistry name ionic
13 silly mapToRegistry using default registry
14 silly mapToRegistry registry http://registry.npmjs.org/
15 silly mapToRegistry uri http://registry.npmjs.org/ionic
16 verbose addNameRange registry:http://registry.npmjs.org/ionic not in flight; fetching
17 verbose request uri http://registry.npmjs.org/ionic
18 verbose request no auth needed
19 info attempt registry request try #1 at 1:43:18 PM
20 verbose request id e460b0ee24374828
21 verbose etag "6PII78BB43TSAD8WRLFUS00I2"
22 http request GET http://registry.npmjs.org/ionic
23 http 304 http://registry.npmjs.org/ionic
24 verbose headers { date: 'Sun, 24 Jan 2016 18:43:19 GMT',
24 verbose headers   via: '1.1 varnish',
24 verbose headers   'cache-control': 'max-age=300',
24 verbose headers   etag: '"6PII78BB43TSAD8WRLFUS00I2"',
24 verbose headers   age: '90',
24 verbose headers   connection: 'keep-alive',
24 verbose headers   'x-served-by': 'cache-iad2140-IAD',
24 verbose headers   'x-cache': 'HIT',
24 verbose headers   'x-cache-hits': '1',
24 verbose headers   'x-timer': 'S1453660999.563787,VS0,VE3',
24 verbose headers   vary: 'Accept' }
25 silly get cb [ 304,
25 silly get   { date: 'Sun, 24 Jan 2016 18:43:19 GMT',
25 silly get     via: '1.1 varnish',
25 silly get     'cache-control': 'max-age=300',
25 silly get     etag: '"6PII78BB43TSAD8WRLFUS00I2"',
25 silly get     age: '90',
25 silly get     connection: 'keep-alive',
25 silly get     'x-served-by': 'cache-iad2140-IAD',
25 silly get     'x-cache': 'HIT',
25 silly get     'x-cache-hits': '1',
25 silly get     'x-timer': 'S1453660999.563787,VS0,VE3',
25 silly get     vary: 'Accept' } ]
26 verbose etag http://registry.npmjs.org/ionic from cache
27 verbose get saving ionic to C:\Users\User\AppData\Roaming\npm-cache\registry.npmjs.org\ionic\.cache.json
28 silly addNameRange number 2 { name: 'ionic', range: '*', hasData: true }
29 silly addNameRange versions [ 'ionic',
29 silly addNameRange   [ '0.9.6',
29 silly addNameRange     '0.9.8',
29 silly addNameRange     '0.9.9',
29 silly addNameRange     '0.9.10',
29 silly addNameRange     '0.9.11',
29 silly addNameRange     '0.9.12',
29 silly addNameRange     '0.9.13',
29 silly addNameRange     '0.9.14',
29 silly addNameRange     '0.9.15',
29 silly addNameRange     '0.9.16',
29 silly addNameRange     '1.0.0-beta.1',
29 silly addNameRange     '1.0.0-beta',
29 silly addNameRange     '1.0.1-beta',
29 silly addNameRange     '1.0.3-beta',
29 silly addNameRange     '1.0.4',
29 silly addNameRange     '1.0.5',
29 silly addNameRange     '1.0.6',
29 silly addNameRange     '1.0.7',
29 silly addNameRange     '1.0.8',
29 silly addNameRange     '1.0.9',
29 silly addNameRange     '1.0.10',
29 silly addNameRange     '1.0.11',
29 silly addNameRange     '1.0.12',
29 silly addNameRange     '1.0.13',
29 silly addNameRange     '1.0.14',
29 silly addNameRange     '1.0.15',
29 silly addNameRange     '1.0.16',
29 silly addNameRange     '1.0.17',
29 silly addNameRange     '1.1.0-beta1',
29 silly addNameRange     '1.1.0-beta2',
29 silly addNameRange     '1.1.0-beta3',
29 silly addNameRange     '1.1.0-beta4',
29 silly addNameRange     '1.1.0-beta5',
29 silly addNameRange     '1.1.0-beta6',
29 silly addNameRange     '1.1.0',
29 silly addNameRange     '1.1.1-beta1',
29 silly addNameRange     '1.1.1-beta2',
29 silly addNameRange     '1.1.1-beta3',
29 silly addNameRange     '1.1.1',
29 silly addNameRange     '1.1.3',
29 silly addNameRange     '1.1.4',
29 silly addNameRange     '1.1.5-beta1',
29 silly addNameRange     '1.1.5-beta2',
29 silly addNameRange     '1.1.5-beta3',
29 silly addNameRange     '1.1.5-beta4',
29 silly addNameRange     '1.1.5-beta5',
29 silly addNameRange     '1.1.5',
29 silly addNameRange     '1.1.6',
29 silly addNameRange     '1.1.7-beta1',
29 silly addNameRange     '1.1.7',
29 silly addNameRange     '1.1.8-beta1',
29 silly addNameRange     '1.1.8-beta2',
29 silly addNameRange     '1.1.8-beta3',
29 silly addNameRange     '1.1.8-beta4',
29 silly addNameRange     '1.1.8-beta5',
29 silly addNameRange     '1.1.8',
29 silly addNameRange     '1.1.9-beta1',
29 silly addNameRange     '1.1.9',
29 silly addNameRange     '1.1.10',
29 silly addNameRange     '1.1.11-beta1',
29 silly addNameRange     '1.1.11-beta2',
29 silly addNameRange     '1.1.11',
29 silly addNameRange     '1.1.12-beta1',
29 silly addNameRange     '1.1.12-beta2',
29 silly addNameRange     '1.1.12-beta3',
29 silly addNameRange     '1.1.12',
29 silly addNameRange     '1.1.13',
29 silly addNameRange     '1.1.14-beta1',
29 silly addNameRange     '1.1.14-beta2',
29 silly addNameRange     '1.1.14-beta3',
29 silly addNameRange     '1.2.0-beta1',
29 silly addNameRange     '1.2.0',
29 silly addNameRange     '1.2.1-beta1',
29 silly addNameRange     '1.2.1-beta2',
29 silly addNameRange     '1.2.1-beta3',
29 silly addNameRange     '1.2.1-beta4',
29 silly addNameRange     '1.2.1',
29 silly addNameRange     '1.2.2',
29 silly addNameRange     '1.2.3-beta1',
29 silly addNameRange     '1.2.3-beta2',
29 silly addNameRange     '1.2.3-beta3',
29 silly addNameRange     '1.2.3',
29 silly addNameRange     '1.2.4-beta1',
29 silly addNameRange     '1.2.4-beta2',
29 silly addNameRange     '1.2.4-beta3',
29 silly addNameRange     '1.2.4',
29 silly addNameRange     '1.2.5-beta1',
29 silly addNameRange     '1.2.5-beta2',
29 silly addNameRange     '1.2.5-beta3',
29 silly addNameRange     '1.2.5',
29 silly addNameRange     '1.2.6-beta1',
29 silly addNameRange     '1.2.6-beta2',
29 silly addNameRange     '1.2.6-beta3',
29 silly addNameRange     '1.2.6',
29 silly addNameRange     '1.2.7',
29 silly addNameRange     '1.2.8-beta1',
29 silly addNameRange     '1.2.8-beta2',
29 silly addNameRange     '1.2.8',
29 silly addNameRange     '1.2.9',
29 silly addNameRange     '1.2.10',
29 silly addNameRange     '1.2.11',
29 silly addNameRange     '1.2.12',
29 silly addNameRange     '1.2.13',
29 silly addNameRange     '1.2.14-beta1',
29 silly addNameRange     '1.2.14-beta2',
29 silly addNameRange     '1.2.14-beta3',
29 silly addNameRange     '1.2.14-beta4',
29 silly addNameRange     '1.2.14-beta5',
29 silly addNameRange     '1.2.14-beta6',
29 silly addNameRange     '1.2.14',
29 silly addNameRange     '1.3.0-beta1',
29 silly addNameRange     '1.3.0',
29 silly addNameRange     '1.3.1',
29 silly addNameRange     '1.3.2',
29 silly addNameRange     '1.3.3',
29 silly addNameRange     '1.3.4',
29 silly addNameRange     '1.3.5',
29 silly addNameRange     '1.3.6',
29 silly addNameRange     '1.3.7',
29 silly addNameRange     '1.3.8',
29 silly addNameRange     '1.3.9',
29 silly addNameRange     '1.3.10',
29 silly addNameRange     '1.4.0-alpha.1',
29 silly addNameRange     '1.3.11',
29 silly addNameRange     '1.3.1-1.alpha.0',
29 silly addNameRange     '1.4.0-alpha.2',
29 silly addNameRange     '1.3.12',
29 silly addNameRange     '1.3.12-beta.1',
29 silly addNameRange     '1.3.12-beta.2',
29 silly addNameRange     '1.3.13-beta.0',
29 silly addNameRange     '1.3.1-3.beta.1',
29 silly addNameRange     '1.3.1-3.beta.2',
29 silly addNameRange     '1.3.13',
29 silly addNameRange     '1.3.1-3.beta.4',
29 silly addNameRange     '1.3.14-beta',
29 silly addNameRange     '1.3.14-beta.1',
29 silly addNameRange     '1.4.0-alpha.3',
29 silly addNameRange     '1.3.14',
29 silly addNameRange     '1.4.0-alpha.4',
29 silly addNameRange     '1.4.0-alpha.5',
29 silly addNameRange     '1.3.15-beta.0',
29 silly addNameRange     '1.3.15-beta.1',
29 silly addNameRange     '1.3.15-beta.2',
29 silly addNameRange     '1.3.15-beta.3',
29 silly addNameRange     '1.3.15-beta.4',
29 silly addNameRange     '1.3.15',
29 silly addNameRange     '1.3.16',
29 silly addNameRange     '1.4.0-alpha.6',
29 silly addNameRange     '1.3.17-beta.0',
29 silly addNameRange     '1.3.17-beta.1',
29 silly addNameRange     '1.3.17-beta.2',
29 silly addNameRange     '1.3.17-beta.3',
29 silly addNameRange     '1.3.1-7.beta.4',
29 silly addNameRange     '1.3.17',
29 silly addNameRange     '1.3.18-beta.0',
29 silly addNameRange     '1.3.18-beta.1',
29 silly addNameRange     '1.3.18-beta.2',
29 silly addNameRange     '1.3.18-beta.3',
29 silly addNameRange     '1.3.18',
29 silly addNameRange     '1.3.19-beta.0',
29 silly addNameRange     '1.3.19-beta.1',
29 silly addNameRange     '1.3.19-beta.2',
29 silly addNameRange     '1.3.19-beta.3',
29 silly addNameRange     '1.3.19-beta.4',
29 silly addNameRange     '1.3.19',
29 silly addNameRange     '1.3.20',
29 silly addNameRange     '1.4.1-beta.0',
29 silly addNameRange     '1.4.0-beta.1',
29 silly addNameRange     '1.4.0-beta.2',
29 silly addNameRange     '1.4.0-beta.3',
29 silly addNameRange     '1.4.0-beta.5',
29 silly addNameRange     '1.4.0-beta.6',
29 silly addNameRange     '1.4.0-beta.7',
29 silly addNameRange     '1.3.21-beta.0',
29 silly addNameRange     '1.3.21-beta.1',
29 silly addNameRange     '1.3.21',
29 silly addNameRange     '1.3.22',
29 silly addNameRange     '1.4.0-beta.8',
29 silly addNameRange     '1.4.0-beta.9',
29 silly addNameRange     '1.4.0-beta.10',
29 silly addNameRange     '1.4.0-beta.11',
29 silly addNameRange     '1.4.0-beta.12',
29 silly addNameRange     '1.4.0-beta.13',
29 silly addNameRange     '1.4.0-beta.14',
29 silly addNameRange     '1.4.0-beta.15',
29 silly addNameRange     '1.4.0-beta.16',
29 silly addNameRange     '1.4.0-beta.17',
29 silly addNameRange     '1.4.0-beta.18',
29 silly addNameRange     '1.4.0',
29 silly addNameRange     '1.4.1',
29 silly addNameRange     '1.4.2',
29 silly addNameRange     '1.4.3',
29 silly addNameRange     '1.4.4-beta.0',
29 silly addNameRange     '1.4.4-beta.2',
29 silly addNameRange     '1.4.4',
29 silly addNameRange     '1.4.5-beta.0',
29 silly addNameRange     '1.4.5-beta.1',
29 silly addNameRange     '1.4.5-beta.2',
29 silly addNameRange     '1.4.5-beta.3',
29 silly addNameRange     '1.4.5',
29 silly addNameRange     '1.4.6-beta.0',
29 silly addNameRange     '1.4.6',
29 silly addNameRange     '1.4.7',
29 silly addNameRange     '1.4.8',
29 silly addNameRange     '1.5.0-beta.0',
29 silly addNameRange     '1.5.0-beta.1',
29 silly addNameRange     '1.5.0',
29 silly addNameRange     '1.5.1-beta.0',
29 silly addNameRange     '1.5.1-beta.1',
29 silly addNameRange     '1.5.1-beta.2',
29 silly addNameRange     '1.5.1-beta.3',
29 silly addNameRange     '1.5.1-beta.4',
29 silly addNameRange     '1.5.1',
29 silly addNameRange     '1.5.2',
29 silly addNameRange     '1.5.3',
29 silly addNameRange     '1.5.4',
29 silly addNameRange     '1.5.5',
29 silly addNameRange     '1.6.0-beta.1',
29 silly addNameRange     '1.6.0',
29 silly addNameRange     '1.6.1',
29 silly addNameRange     '1.6.2-beta.0',
29 silly addNameRange     '1.6.2-beta.1',
29 silly addNameRange     '1.6.2-beta.2',
29 silly addNameRange     '1.6.2',
29 silly addNameRange     '1.6.3-beta.0',
29 silly addNameRange     '1.6.3-beta.1',
29 silly addNameRange     '1.6.3',
29 silly addNameRange     '1.6.4-beta.0',
29 silly addNameRange     '1.6.4-beta.1',
29 silly addNameRange     '1.6.4',
29 silly addNameRange     '1.7.0-beta.0',
29 silly addNameRange     '1.7.0-beta.1',
29 silly addNameRange     '1.7.0-beta.2',
29 silly addNameRange     '1.7.0-beta.3',
29 silly addNameRange     '2.0.0-alpha.1',
29 silly addNameRange     '2.0.0-alpha.3',
29 silly addNameRange     '1.7.0-beta.4',
29 silly addNameRange     '1.6.5-testing.0',
29 silly addNameRange     '1.6.5-testing.1',
29 silly addNameRange     '1.6.5-testing.2',
29 silly addNameRange     '1.6.5-testing.3',
29 silly addNameRange     '1.6.5',
29 silly addNameRange     '2.0.0-alpha.4',
29 silly addNameRange     '1.7.0-beta.5',
29 silly addNameRange     '1.7.0-beta.6',
29 silly addNameRange     '1.7.0',
29 silly addNameRange     '2.0.0-alpha.5',
29 silly addNameRange     '2.0.0-alpha.6',
29 silly addNameRange     '1.7.1',
29 silly addNameRange     '2.0.0-alpha.7',
29 silly addNameRange     '2.0.0-alpha.8',
29 silly addNameRange     '1.7.2',
29 silly addNameRange     '1.7.3',
29 silly addNameRange     '1.7.4',
29 silly addNameRange     '1.7.5',
29 silly addNameRange     '1.7.6',
29 silly addNameRange     '1.7.7-beta.0',
29 silly addNameRange     '2.0.0-alpha.9',
29 silly addNameRange     '1.7.7',
29 silly addNameRange     '2.0.0-alpha.10',
29 silly addNameRange     '2.0.0-alpha.11',
29 silly addNameRange     '2.0.0-alpha.12',
29 silly addNameRange     '2.0.0-alpha.13',
29 silly addNameRange     '2.0.0-alpha.14',
29 silly addNameRange     '2.0.0-alpha.15',
29 silly addNameRange     '2.0.0-alpha.16',
29 silly addNameRange     '2.0.0-alpha.17',
29 silly addNameRange     '2.0.0-alpha.18',
29 silly addNameRange     '1.7.8-beta.0',
29 silly addNameRange     '1.7.8-beta.1',
29 silly addNameRange     '1.7.8-beta.2',
29 silly addNameRange     '1.7.8-beta.3',
29 silly addNameRange     '1.7.8',
29 silly addNameRange     '2.0.0-alpha.19',
29 silly addNameRange     '2.0.0-alpha.20',
29 silly addNameRange     '2.0.0-alpha.21',
29 silly addNameRange     '2.0.0-alpha.22',
29 silly addNameRange     '2.0.0-alpha.23',
29 silly addNameRange     '1.7.9',
29 silly addNameRange     '1.7.10',
29 silly addNameRange     '2.0.0-alpha.24',
29 silly addNameRange     '2.0.0-alpha.25',
29 silly addNameRange     '2.0.0-beta.1',
29 silly addNameRange     '1.7.11',
29 silly addNameRange     '2.0.0-beta.2',
29 silly addNameRange     '2.0.0-beta.3',
29 silly addNameRange     '2.0.0-beta.4',
29 silly addNameRange     '2.0.0-beta.5',
29 silly addNameRange     '2.0.0-beta.6',
29 silly addNameRange     '2.0.0-beta.7',
29 silly addNameRange     '2.0.0-beta.8',
29 silly addNameRange     '2.0.0-beta.9',
29 silly addNameRange     '2.0.0-beta.10',
29 silly addNameRange     '2.0.0-beta.11',
29 silly addNameRange     '1.7.12',
29 silly addNameRange     '2.0.0-beta.12',
29 silly addNameRange     '2.0.0-beta.13',
29 silly addNameRange     '2.0.0-beta.14',
29 silly addNameRange     '2.0.0-beta.15',
29 silly addNameRange     '2.0.0-beta.16',
29 silly addNameRange     '2.0.0-beta.17',
29 silly addNameRange     '1.7.13' ] ]
30 silly addNamed ionic@1.7.13
31 verbose addNamed "1.7.13" is a plain semver version for ionic
32 silly mapToRegistry name ionic
33 silly mapToRegistry using default registry
34 silly mapToRegistry registry http://registry.npmjs.org/
35 silly mapToRegistry uri http://registry.npmjs.org/ionic
36 verbose addRemoteTarball http://registry.npmjs.org/ionic/-/ionic-1.7.13.tgz not in flight; adding
37 verbose addRemoteTarball [ 'http://registry.npmjs.org/ionic/-/ionic-1.7.13.tgz',
37 verbose addRemoteTarball   '0a16c0aea3280acd406938d31165fc0f2d258e06' ]
38 info retry fetch attempt 1 at 1:43:18 PM
39 info attempt registry request try #1 at 1:43:18 PM
40 http fetch GET http://registry.npmjs.org/ionic/-/ionic-1.7.13.tgz
41 http fetch 200 http://registry.npmjs.org/ionic/-/ionic-1.7.13.tgz
42 info retry will retry, error on last attempt: Error: read ECONNRESET
43 info retry will retry, error on last attempt: Error: read ECONNRESET
44 silly fetchAndShaCheck shasum 0a16c0aea3280acd406938d31165fc0f2d258e06
45 verbose stack Error: shasum check failed for C:\Users\User\AppData\Local\Temp\npm-5416-d4bb791a\registry.npmjs.org\ionic\-\ionic-1.7.13.tgz
45 verbose stack Expected: 0a16c0aea3280acd406938d31165fc0f2d258e06
45 verbose stack Actual:   4184f082dd5495f4101e4b303cb785ca9bf69d44
45 verbose stack From:     http://registry.npmjs.org/ionic/-/ionic-1.7.13.tgz
45 verbose stack     at c:\Program Files\nodejs\node_modules\npm\node_modules\sha\index.js:25:8
45 verbose stack     at ReadStream.<anonymous> (c:\Program Files\nodejs\node_modules\npm\node_modules\sha\index.js:72:7)
45 verbose stack     at emitNone (events.js:72:20)
45 verbose stack     at ReadStream.emit (events.js:166:7)
45 verbose stack     at endReadableNT (_stream_readable.js:903:12)
45 verbose stack     at doNTCallback2 (node.js:439:9)
45 verbose stack     at process._tickCallback (node.js:353:17)
46 verbose cwd d:\Dev\Pager\med-pager
47 error Windows_NT 10.0.10240
48 error argv "c:\\Program Files\\nodejs\\node.exe" "c:\\Program Files\\nodejs\\node_modules\\npm\\bin\\npm-cli.js" "install" "-g" "ionic"
49 error node v4.2.1
50 error npm  v2.14.7
51 error shasum check failed for C:\Users\User\AppData\Local\Temp\npm-5416-d4bb791a\registry.npmjs.org\ionic\-\ionic-1.7.13.tgz
51 error Expected: 0a16c0aea3280acd406938d31165fc0f2d258e06
51 error Actual:   4184f082dd5495f4101e4b303cb785ca9bf69d44
51 error From:     http://registry.npmjs.org/ionic/-/ionic-1.7.13.tgz
52 error If you need help, you may report this error at:
52 error     <https://github.com/npm/npm/issues>
53 verbose exit [ 1, true ]
